2.0.1.7 3/22/2020 12:53:42 PM: 
[RSSCT]
version= 2.0.1.7
sim= fsx
Simpath= d:\Program Files (x86)\Microsoft Games\Microsoft Flight Simulator X\
sceneryCFGpath= C:\ProgramData\Microsoft\FSX\
LWCFGpath= C:\Users\CSI\AppData\Roaming\Microsoft\FSX\
RSCommonInstallLocation= D:\Documents\Prepar3D v4 Add-ons\Richer Simulations\RS Common\
SKNInstallLocation= 
T2GTKPKPath= 
BGIInstallLocation= 
MKTBPBPath= 
ANUInstallLocation= d:\Program Files (x86)\Microsoft Games\Microsoft Flight Simulator X\Addon Scenery\RS Antigua 2018\
TSTAPAPath= 
SVDInstallLocation= d:\Program Files (x86)\Microsoft Games\Microsoft Flight Simulator X\Addon Scenery\RS St Vincent 2019\
TSTVSVPath= 
TBPBInstallLocation= D:\Documents\Prepar3D v4 Add-ons\Richer Simulations\RS TBPB 2020\

[SODE]
C:\ProgramData\12bPilot\SODE\xml\RS_TVSA_stands.xml
C:\ProgramData\12bPilot\SODE\SimObjects\SODE_RS_TVSA\texture\texture.cfg
C:\ProgramData\12bPilot\SODE\xml\RS_TBPB.xml
C:\ProgramData\12bPilot\SODE\SimObjects\SODE_RS_TBPB\texture\texture.cfg


2.0.1.7 3/22/2020 12:55:40 PM: 
[RSSCT]
version= 2.0.1.7
sim= fsx
Simpath= d:\Program Files (x86)\Microsoft Games\Microsoft Flight Simulator X\
sceneryCFGpath= C:\ProgramData\Microsoft\FSX\
LWCFGpath= C:\Users\CSI\AppData\Roaming\Microsoft\FSX\
RSCommonInstallLocation= D:\Documents\Prepar3D v4 Add-ons\Richer Simulations\RS Common\
SKNInstallLocation= 
T2GTKPKPath= 
BGIInstallLocation= 
MKTBPBPath= 
ANUInstallLocation= d:\Program Files (x86)\Microsoft Games\Microsoft Flight Simulator X\Addon Scenery\RS Antigua 2018\
TSTAPAPath= 
SVDInstallLocation= d:\Program Files (x86)\Microsoft Games\Microsoft Flight Simulator X\Addon Scenery\RS St Vincent 2019\
TSTVSVPath= 
TBPBInstallLocation= D:\Documents\Prepar3D v4 Add-ons\Richer Simulations\RS TBPB 2020\

[SODE]
C:\ProgramData\12bPilot\SODE\xml\RS_TVSA_stands.xml
C:\ProgramData\12bPilot\SODE\SimObjects\SODE_RS_TVSA\texture\texture.cfg
C:\ProgramData\12bPilot\SODE\xml\RS_TBPB.xml
C:\ProgramData\12bPilot\SODE\SimObjects\SODE_RS_TBPB\texture\texture.cfg


2.0.1.8 3/22/2020 12:58:00 PM: 
[RSSCT]
version= 2.0.1.8
sim= fsx
Simpath= d:\Program Files (x86)\Microsoft Games\Microsoft Flight Simulator X\
sceneryCFGpath= C:\ProgramData\Microsoft\FSX\
LWCFGpath= C:\Users\CSI\AppData\Roaming\Microsoft\FSX\
RSCommonInstallLocation= D:\Documents\Prepar3D v4 Add-ons\Richer Simulations\RS Common\
SKNInstallLocation= 
T2GTKPKPath= 
BGIInstallLocation= 
MKTBPBPath= 
ANUInstallLocation= d:\Program Files (x86)\Microsoft Games\Microsoft Flight Simulator X\Addon Scenery\RS Antigua 2018\
TSTAPAPath= 
SVDInstallLocation= d:\Program Files (x86)\Microsoft Games\Microsoft Flight Simulator X\Addon Scenery\RS St Vincent 2019\
TSTVSVPath= 
TBPBInstallLocation= D:\Documents\Prepar3D v4 Add-ons\Richer Simulations\RS TBPB 2020\

[SODE]
C:\ProgramData\12bPilot\SODE\xml\RS_TVSA_stands.xml
C:\ProgramData\12bPilot\SODE\SimObjects\SODE_RS_TVSA\texture\texture.cfg
C:\ProgramData\12bPilot\SODE\xml\RS_TBPB.xml
C:\ProgramData\12bPilot\SODE\SimObjects\SODE_RS_TBPB\texture\texture.cfg


2.0.1.8 3/31/2020 1:10:28 PM: 
[RSSCT]
version= 2.0.1.8
sim= p3dv4
Simpath= E:\Program Files\Lockheed Martin\Prepar3D v4\
sceneryCFGpath= C:\ProgramData\Lockheed Martin\Prepar3D v4\
LWCFGpath= C:\Users\CSI\AppData\Roaming\Lockheed Martin\Prepar3D v4\
RSCommonInstallLocation= D:\Documents\Prepar3D v4 Add-ons\Richer Simulations\RS Common\
SKNInstallLocation= D:\Documents\Prepar3D v4 Add-ons\Richer Simulations\RS St Kitts 2017\
T2GTKPKPath= 
BGIInstallLocation= D:\Documents\Prepar3D v4 Add-ons\Richer Simulations\RS Barbados 2017\
MKTBPBPath= 
ANUInstallLocation= D:\Documents\Prepar3D v4 Add-ons\Richer Simulations\RS Antigua 2018\
TSTAPAPath= 
SVDInstallLocation= D:\Documents\Prepar3D v4 Add-ons\Richer Simulations\RS St Vincent 2019\
TSTVSVPath= 
TBPBInstallLocation= D:\Documents\Prepar3D v4 Add-ons\Richer Simulations\RS TBPB 2020\

[SODE]
C:\ProgramData\12bPilot\SODE\xml\RS_TVSA_stands.xml
C:\ProgramData\12bPilot\SODE\SimObjects\SODE_RS_TVSA\texture\texture.cfg
C:\ProgramData\12bPilot\SODE\xml\RS_TBPB.xml
C:\ProgramData\12bPilot\SODE\SimObjects\SODE_RS_TBPB\texture\texture.cfg


2.0.1.8 3/31/2020 3:54:29 PM: 
[RSSCT]
version= 2.0.1.8
sim= p3dv4
Simpath= E:\Program Files\Lockheed Martin\Prepar3D v4\
sceneryCFGpath= C:\ProgramData\Lockheed Martin\Prepar3D v4\
LWCFGpath= C:\Users\CSI\AppData\Roaming\Lockheed Martin\Prepar3D v4\
RSCommonInstallLocation= D:\Documents\Prepar3D v4 Add-ons\Richer Simulations\RS Common\
SKNInstallLocation= D:\Documents\Prepar3D v4 Add-ons\Richer Simulations\RS St Kitts 2017\
T2GTKPKPath= 
BGIInstallLocation= D:\Documents\Prepar3D v4 Add-ons\Richer Simulations\RS Barbados 2017\
MKTBPBPath= 
ANUInstallLocation= D:\Documents\Prepar3D v4 Add-ons\Richer Simulations\RS Antigua 2018\
TSTAPAPath= 
SVDInstallLocation= D:\Documents\Prepar3D v4 Add-ons\Richer Simulations\RS St Vincent 2019\
TSTVSVPath= 
TBPBInstallLocation= D:\Documents\Prepar3D v4 Add-ons\Richer Simulations\RS TBPB 2020\

[SODE]
C:\ProgramData\12bPilot\SODE\xml\RS_TVSA_stands.xml
C:\ProgramData\12bPilot\SODE\SimObjects\SODE_RS_TVSA\texture\texture.cfg
C:\ProgramData\12bPilot\SODE\xml\RS_TBPB.xml
C:\ProgramData\12bPilot\SODE\SimObjects\SODE_RS_TBPB\texture\texture.cfg


2.0.1.8 4/5/2020 10:54:59 AM: 
[RSSCT]
version= 2.0.1.8
sim= fsx
Simpath= d:\Program Files (x86)\Microsoft Games\Microsoft Flight Simulator X\
sceneryCFGpath= C:\ProgramData\Microsoft\FSX\
LWCFGpath= C:\Users\CSI\AppData\Roaming\Microsoft\FSX\
RSCommonInstallLocation= D:\Documents\Prepar3D v4 Add-ons\Richer Simulations\RS Common\
SKNInstallLocation= 
T2GTKPKPath= 
BGIInstallLocation= 
MKTBPBPath= 
ANUInstallLocation= d:\Program Files (x86)\Microsoft Games\Microsoft Flight Simulator X\Addon Scenery\RS Antigua 2018\
TSTAPAPath= 
SVDInstallLocation= d:\Program Files (x86)\Microsoft Games\Microsoft Flight Simulator X\Addon Scenery\RS St Vincent 2019\
TSTVSVPath= 
TBPBInstallLocation= D:\Documents\Prepar3D v4 Add-ons\Richer Simulations\RS TBPB 2020\

[SODE]
C:\ProgramData\12bPilot\SODE\xml\RS_TVSA_stands.xml
C:\ProgramData\12bPilot\SODE\SimObjects\SODE_RS_TVSA\texture\texture.cfg
C:\ProgramData\12bPilot\SODE\xml\RS_TBPB.xml
C:\ProgramData\12bPilot\SODE\SimObjects\SODE_RS_TBPB\texture\texture.cfg


2.0.1.8 4/5/2020 10:55:02 AM: 
[TBPB]
TBPBDynamicLightsToggleSwitch=1
TBPBParkingLotToggleSwitch=1
RS_TBPB_Grass.xml=700m
TBPBVegComboBox=3
2.0.1.8 4/20/2020 12:49:10 PM: 
[RSSCT]
version= 2.0.1.8
sim= p3dv4
Simpath= E:\Program Files\Lockheed Martin\Prepar3D v4\
sceneryCFGpath= C:\ProgramData\Lockheed Martin\Prepar3D v4\
LWCFGpath= C:\Users\CSI\AppData\Roaming\Lockheed Martin\Prepar3D v4\
RSCommonInstallLocation= D:\Documents\Prepar3D v4 Add-ons\Richer Simulations\RS Common\
SKNInstallLocation= D:\Documents\Prepar3D v4 Add-ons\Richer Simulations\RS St Kitts 2017\
T2GTKPKPath= 
BGIInstallLocation= D:\Documents\Prepar3D v4 Add-ons\Richer Simulations\RS Barbados 2017\
MKTBPBPath= 
ANUInstallLocation= D:\Documents\Prepar3D v4 Add-ons\Richer Simulations\RS Antigua 2018\
TSTAPAPath= 
SVDInstallLocation= D:\Documents\Prepar3D v4 Add-ons\Richer Simulations\RS St Vincent 2019\
TSTVSVPath= 
TBPBInstallLocation= D:\Documents\Prepar3D v4 Add-ons\Richer Simulations\RS TBPB 2020\

[SODE]
C:\ProgramData\12bPilot\SODE\xml\RS_TVSA_stands.xml
C:\ProgramData\12bPilot\SODE\SimObjects\SODE_RS_TVSA\texture\texture.cfg
C:\ProgramData\12bPilot\SODE\xml\RS_TBPB.xml
C:\ProgramData\12bPilot\SODE\SimObjects\SODE_RS_TBPB\texture\texture.cfg


2.0.1.8 4/20/2020 4:16:25 PM: 
[RSSCT]
version= 2.0.1.8
sim= p3dv4
Simpath= E:\Program Files\Lockheed Martin\Prepar3D v4\
sceneryCFGpath= C:\ProgramData\Lockheed Martin\Prepar3D v4\
LWCFGpath= C:\Users\CSI\AppData\Roaming\Lockheed Martin\Prepar3D v4\
RSCommonInstallLocation= D:\Documents\Prepar3D v4 Add-ons\Richer Simulations\RS Common\
SKNInstallLocation= D:\Documents\Prepar3D v4 Add-ons\Richer Simulations\RS St Kitts 2017\
T2GTKPKPath= 
BGIInstallLocation= D:\Documents\Prepar3D v4 Add-ons\Richer Simulations\RS Barbados 2017\
MKTBPBPath= 
ANUInstallLocation= D:\Documents\Prepar3D v4 Add-ons\Richer Simulations\RS Antigua 2018\
TSTAPAPath= 
SVDInstallLocation= D:\Documents\Prepar3D v4 Add-ons\Richer Simulations\RS St Vincent 2019\
TSTVSVPath= 
TBPBInstallLocation= D:\Documents\Prepar3D v4 Add-ons\Richer Simulations\RS TBPB 2020\

[SODE]
C:\ProgramData\12bPilot\SODE\xml\RS_TVSA_stands.xml
C:\ProgramData\12bPilot\SODE\SimObjects\SODE_RS_TVSA\texture\texture.cfg
C:\ProgramData\12bPilot\SODE\xml\RS_TBPB.xml
C:\ProgramData\12bPilot\SODE\SimObjects\SODE_RS_TBPB\texture\texture.cfg


2.0.1.8 4/20/2020 4:17:08 PM: 
[RSSCT]
version= 2.0.1.8
sim= p3dv4
Simpath= E:\Program Files\Lockheed Martin\Prepar3D v4\
sceneryCFGpath= C:\ProgramData\Lockheed Martin\Prepar3D v4\
LWCFGpath= C:\Users\CSI\AppData\Roaming\Lockheed Martin\Prepar3D v4\
RSCommonInstallLocation= D:\Documents\Prepar3D v4 Add-ons\Richer Simulations\RS Common\
SKNInstallLocation= D:\Documents\Prepar3D v4 Add-ons\Richer Simulations\RS St Kitts 2017\
T2GTKPKPath= 
BGIInstallLocation= D:\Documents\Prepar3D v4 Add-ons\Richer Simulations\RS Barbados 2017\
MKTBPBPath= 
ANUInstallLocation= D:\Documents\Prepar3D v4 Add-ons\Richer Simulations\RS Antigua 2018\
TSTAPAPath= 
SVDInstallLocation= D:\Documents\Prepar3D v4 Add-ons\Richer Simulations\RS St Vincent 2019\
TSTVSVPath= 
TBPBInstallLocation= D:\Documents\Prepar3D v4 Add-ons\Richer Simulations\RS TBPB 2020\

[SODE]
C:\ProgramData\12bPilot\SODE\xml\RS_TVSA_stands.xml
C:\ProgramData\12bPilot\SODE\SimObjects\SODE_RS_TVSA\texture\texture.cfg
C:\ProgramData\12bPilot\SODE\xml\RS_TBPB.xml
C:\ProgramData\12bPilot\SODE\SimObjects\SODE_RS_TBPB\texture\texture.cfg


2.0.1.8 4/20/2020 4:30:21 PM: 
[RSSCT]
version= 2.0.1.8
sim= p3dv4
Simpath= E:\Program Files\Lockheed Martin\Prepar3D v4\
sceneryCFGpath= C:\ProgramData\Lockheed Martin\Prepar3D v4\
LWCFGpath= C:\Users\CSI\AppData\Roaming\Lockheed Martin\Prepar3D v4\
RSCommonInstallLocation= D:\Documents\Prepar3D v4 Add-ons\Richer Simulations\RS Common\
SKNInstallLocation= D:\Documents\Prepar3D v4 Add-ons\Richer Simulations\RS St Kitts 2017\
T2GTKPKPath= 
BGIInstallLocation= D:\Documents\Prepar3D v4 Add-ons\Richer Simulations\RS Barbados 2017\
MKTBPBPath= 
ANUInstallLocation= D:\Documents\Prepar3D v4 Add-ons\Richer Simulations\RS Antigua 2018\
TSTAPAPath= 
SVDInstallLocation= D:\Documents\Prepar3D v4 Add-ons\Richer Simulations\RS St Vincent 2019\
TSTVSVPath= 
TBPBInstallLocation= D:\Documents\Prepar3D v4 Add-ons\Richer Simulations\RS TBPB 2020\

[SODE]
C:\ProgramData\12bPilot\SODE\xml\RS_TVSA_stands.xml
C:\ProgramData\12bPilot\SODE\SimObjects\SODE_RS_TVSA\texture\texture.cfg
C:\ProgramData\12bPilot\SODE\xml\RS_TBPB.xml
C:\ProgramData\12bPilot\SODE\SimObjects\SODE_RS_TBPB\texture\texture.cfg


2.0.1.8 4/20/2020 4:32:07 PM: 
[RSSCT]
version= 2.0.1.8
sim= p3dv4
Simpath= E:\Program Files\Lockheed Martin\Prepar3D v4\
sceneryCFGpath= C:\ProgramData\Lockheed Martin\Prepar3D v4\
LWCFGpath= C:\Users\CSI\AppData\Roaming\Lockheed Martin\Prepar3D v4\
RSCommonInstallLocation= D:\Documents\Prepar3D v4 Add-ons\Richer Simulations\RS Common\
SKNInstallLocation= D:\Documents\Prepar3D v4 Add-ons\Richer Simulations\RS St Kitts 2017\
T2GTKPKPath= 
BGIInstallLocation= D:\Documents\Prepar3D v4 Add-ons\Richer Simulations\RS Barbados 2017\
MKTBPBPath= 
ANUInstallLocation= D:\Documents\Prepar3D v4 Add-ons\Richer Simulations\RS Antigua 2018\
TSTAPAPath= 
SVDInstallLocation= D:\Documents\Prepar3D v4 Add-ons\Richer Simulations\RS St Vincent 2019\
TSTVSVPath= 
TBPBInstallLocation= D:\Documents\Prepar3D v4 Add-ons\Richer Simulations\RS TBPB 2020\

[SODE]
C:\ProgramData\12bPilot\SODE\xml\RS_TVSA_stands.xml
C:\ProgramData\12bPilot\SODE\SimObjects\SODE_RS_TVSA\texture\texture.cfg
C:\ProgramData\12bPilot\SODE\xml\RS_TBPB.xml
C:\ProgramData\12bPilot\SODE\SimObjects\SODE_RS_TBPB\texture\texture.cfg


2.0.1.8 4/20/2020 4:33:23 PM: 
[RSSCT]
version= 2.0.1.8
sim= p3dv4
Simpath= E:\Program Files\Lockheed Martin\Prepar3D v4\
sceneryCFGpath= C:\ProgramData\Lockheed Martin\Prepar3D v4\
LWCFGpath= C:\Users\CSI\AppData\Roaming\Lockheed Martin\Prepar3D v4\
RSCommonInstallLocation= D:\Documents\Prepar3D v4 Add-ons\Richer Simulations\RS Common\
SKNInstallLocation= D:\Documents\Prepar3D v4 Add-ons\Richer Simulations\RS St Kitts 2017\
T2GTKPKPath= 
BGIInstallLocation= D:\Documents\Prepar3D v4 Add-ons\Richer Simulations\RS Barbados 2017\
MKTBPBPath= 
ANUInstallLocation= D:\Documents\Prepar3D v4 Add-ons\Richer Simulations\RS Antigua 2018\
TSTAPAPath= 
SVDInstallLocation= D:\Documents\Prepar3D v4 Add-ons\Richer Simulations\RS St Vincent 2019\
TSTVSVPath= 
TBPBInstallLocation= D:\Documents\Prepar3D v4 Add-ons\Richer Simulations\RS TBPB 2020\

[SODE]
C:\ProgramData\12bPilot\SODE\xml\RS_TVSA_stands.xml
C:\ProgramData\12bPilot\SODE\SimObjects\SODE_RS_TVSA\texture\texture.cfg
C:\ProgramData\12bPilot\SODE\xml\RS_TBPB.xml
C:\ProgramData\12bPilot\SODE\SimObjects\SODE_RS_TBPB\texture\texture.cfg


2.0.1.8 4/20/2020 4:33:49 PM: 
[RSSCT]
version= 2.0.1.8
sim= p3dv4
Simpath= E:\Program Files\Lockheed Martin\Prepar3D v4\
sceneryCFGpath= C:\ProgramData\Lockheed Martin\Prepar3D v4\
LWCFGpath= C:\Users\CSI\AppData\Roaming\Lockheed Martin\Prepar3D v4\
RSCommonInstallLocation= D:\Documents\Prepar3D v4 Add-ons\Richer Simulations\RS Common\
SKNInstallLocation= D:\Documents\Prepar3D v4 Add-ons\Richer Simulations\RS St Kitts 2017\
T2GTKPKPath= 
BGIInstallLocation= D:\Documents\Prepar3D v4 Add-ons\Richer Simulations\RS Barbados 2017\
MKTBPBPath= 
ANUInstallLocation= D:\Documents\Prepar3D v4 Add-ons\Richer Simulations\RS Antigua 2018\
TSTAPAPath= 
SVDInstallLocation= D:\Documents\Prepar3D v4 Add-ons\Richer Simulations\RS St Vincent 2019\
TSTVSVPath= 
TBPBInstallLocation= D:\Documents\Prepar3D v4 Add-ons\Richer Simulations\RS TBPB 2020\

[SODE]
C:\ProgramData\12bPilot\SODE\xml\RS_TVSA_stands.xml
C:\ProgramData\12bPilot\SODE\SimObjects\SODE_RS_TVSA\texture\texture.cfg
C:\ProgramData\12bPilot\SODE\xml\RS_TBPB.xml
C:\ProgramData\12bPilot\SODE\SimObjects\SODE_RS_TBPB\texture\texture.cfg


2.0.1.8 4/20/2020 4:34:29 PM: 
[RSSCT]
version= 2.0.1.8
sim= p3dv4
Simpath= E:\Program Files\Lockheed Martin\Prepar3D v4\
sceneryCFGpath= C:\ProgramData\Lockheed Martin\Prepar3D v4\
LWCFGpath= C:\Users\CSI\AppData\Roaming\Lockheed Martin\Prepar3D v4\
RSCommonInstallLocation= D:\Documents\Prepar3D v4 Add-ons\Richer Simulations\RS Common\
SKNInstallLocation= D:\Documents\Prepar3D v4 Add-ons\Richer Simulations\RS St Kitts 2017\
T2GTKPKPath= 
BGIInstallLocation= D:\Documents\Prepar3D v4 Add-ons\Richer Simulations\RS Barbados 2017\
MKTBPBPath= 
ANUInstallLocation= D:\Documents\Prepar3D v4 Add-ons\Richer Simulations\RS Antigua 2018\
TSTAPAPath= 
SVDInstallLocation= D:\Documents\Prepar3D v4 Add-ons\Richer Simulations\RS St Vincent 2019\
TSTVSVPath= 
TBPBInstallLocation= D:\Documents\Prepar3D v4 Add-ons\Richer Simulations\RS TBPB 2020\

[SODE]
C:\ProgramData\12bPilot\SODE\xml\RS_TVSA_stands.xml
C:\ProgramData\12bPilot\SODE\SimObjects\SODE_RS_TVSA\texture\texture.cfg
C:\ProgramData\12bPilot\SODE\xml\RS_TBPB.xml
C:\ProgramData\12bPilot\SODE\SimObjects\SODE_RS_TBPB\texture\texture.cfg


2.0.1.8 4/20/2020 4:34:56 PM: 
[RSSCT]
version= 2.0.1.8
sim= p3dv4
Simpath= E:\Program Files\Lockheed Martin\Prepar3D v4\
sceneryCFGpath= C:\ProgramData\Lockheed Martin\Prepar3D v4\
LWCFGpath= C:\Users\CSI\AppData\Roaming\Lockheed Martin\Prepar3D v4\
RSCommonInstallLocation= D:\Documents\Prepar3D v4 Add-ons\Richer Simulations\RS Common\
SKNInstallLocation= D:\Documents\Prepar3D v4 Add-ons\Richer Simulations\RS St Kitts 2017\
T2GTKPKPath= 
BGIInstallLocation= D:\Documents\Prepar3D v4 Add-ons\Richer Simulations\RS Barbados 2017\
MKTBPBPath= 
ANUInstallLocation= D:\Documents\Prepar3D v4 Add-ons\Richer Simulations\RS Antigua 2018\
TSTAPAPath= 
SVDInstallLocation= D:\Documents\Prepar3D v4 Add-ons\Richer Simulations\RS St Vincent 2019\
TSTVSVPath= 
TBPBInstallLocation= D:\Documents\Prepar3D v4 Add-ons\Richer Simulations\RS TBPB 2020\

[SODE]
C:\ProgramData\12bPilot\SODE\xml\RS_TVSA_stands.xml
C:\ProgramData\12bPilot\SODE\SimObjects\SODE_RS_TVSA\texture\texture.cfg
C:\ProgramData\12bPilot\SODE\xml\RS_TBPB.xml
C:\ProgramData\12bPilot\SODE\SimObjects\SODE_RS_TBPB\texture\texture.cfg


2.0.1.8 4/20/2020 4:35:29 PM: 
[RSSCT]
version= 2.0.1.8
sim= p3dv4
Simpath= E:\Program Files\Lockheed Martin\Prepar3D v4\
sceneryCFGpath= C:\ProgramData\Lockheed Martin\Prepar3D v4\
LWCFGpath= C:\Users\CSI\AppData\Roaming\Lockheed Martin\Prepar3D v4\
RSCommonInstallLocation= D:\Documents\Prepar3D v4 Add-ons\Richer Simulations\RS Common\
SKNInstallLocation= D:\Documents\Prepar3D v4 Add-ons\Richer Simulations\RS St Kitts 2017\
T2GTKPKPath= 
BGIInstallLocation= D:\Documents\Prepar3D v4 Add-ons\Richer Simulations\RS Barbados 2017\
MKTBPBPath= 
ANUInstallLocation= D:\Documents\Prepar3D v4 Add-ons\Richer Simulations\RS Antigua 2018\
TSTAPAPath= 
SVDInstallLocation= D:\Documents\Prepar3D v4 Add-ons\Richer Simulations\RS St Vincent 2019\
TSTVSVPath= 
TBPBInstallLocation= D:\Documents\Prepar3D v4 Add-ons\Richer Simulations\RS TBPB 2020\

[SODE]
C:\ProgramData\12bPilot\SODE\xml\RS_TVSA_stands.xml
C:\ProgramData\12bPilot\SODE\SimObjects\SODE_RS_TVSA\texture\texture.cfg
C:\ProgramData\12bPilot\SODE\xml\RS_TBPB.xml
C:\ProgramData\12bPilot\SODE\SimObjects\SODE_RS_TBPB\texture\texture.cfg


2.0.1.8 4/20/2020 4:44:28 PM: 
[RSSCT]
version= 2.0.1.8
sim= p3dv4
Simpath= E:\Program Files\Lockheed Martin\Prepar3D v4\
sceneryCFGpath= C:\ProgramData\Lockheed Martin\Prepar3D v4\
LWCFGpath= C:\Users\CSI\AppData\Roaming\Lockheed Martin\Prepar3D v4\
RSCommonInstallLocation= D:\Documents\Prepar3D v4 Add-ons\Richer Simulations\RS Common\
SKNInstallLocation= D:\Documents\Prepar3D v4 Add-ons\Richer Simulations\RS St Kitts 2017\
T2GTKPKPath= 
BGIInstallLocation= D:\Documents\Prepar3D v4 Add-ons\Richer Simulations\RS Barbados 2017\
MKTBPBPath= 
ANUInstallLocation= D:\Documents\Prepar3D v4 Add-ons\Richer Simulations\RS Antigua 2018\
TSTAPAPath= 
SVDInstallLocation= D:\Documents\Prepar3D v4 Add-ons\Richer Simulations\RS St Vincent 2019\
TSTVSVPath= 
TBPBInstallLocation= D:\Documents\Prepar3D v4 Add-ons\Richer Simulations\RS TBPB 2020\

[SODE]
C:\ProgramData\12bPilot\SODE\xml\RS_TVSA_stands.xml
C:\ProgramData\12bPilot\SODE\SimObjects\SODE_RS_TVSA\texture\texture.cfg
C:\ProgramData\12bPilot\SODE\xml\RS_TBPB.xml
C:\ProgramData\12bPilot\SODE\SimObjects\SODE_RS_TBPB\texture\texture.cfg


2.0.1.8 4/20/2020 4:46:12 PM: 
[RSSCT]
version= 2.0.1.8
sim= p3dv4
Simpath= E:\Program Files\Lockheed Martin\Prepar3D v4\
sceneryCFGpath= C:\ProgramData\Lockheed Martin\Prepar3D v4\
LWCFGpath= C:\Users\CSI\AppData\Roaming\Lockheed Martin\Prepar3D v4\
RSCommonInstallLocation= D:\Documents\Prepar3D v4 Add-ons\Richer Simulations\RS Common\
SKNInstallLocation= D:\Documents\Prepar3D v4 Add-ons\Richer Simulations\RS St Kitts 2017\
T2GTKPKPath= 
BGIInstallLocation= D:\Documents\Prepar3D v4 Add-ons\Richer Simulations\RS Barbados 2017\
MKTBPBPath= 
ANUInstallLocation= D:\Documents\Prepar3D v4 Add-ons\Richer Simulations\RS Antigua 2018\
TSTAPAPath= 
SVDInstallLocation= D:\Documents\Prepar3D v4 Add-ons\Richer Simulations\RS St Vincent 2019\
TSTVSVPath= 
TBPBInstallLocation= D:\Documents\Prepar3D v4 Add-ons\Richer Simulations\RS TBPB 2020\

[SODE]
C:\ProgramData\12bPilot\SODE\xml\RS_TVSA_stands.xml
C:\ProgramData\12bPilot\SODE\SimObjects\SODE_RS_TVSA\texture\texture.cfg
C:\ProgramData\12bPilot\SODE\xml\RS_TBPB.xml
C:\ProgramData\12bPilot\SODE\SimObjects\SODE_RS_TBPB\texture\texture.cfg


2.0.1.8 4/20/2020 5:35:41 PM: 
[RSSCT]
version= 2.0.1.8
sim= p3dv4
Simpath= E:\Program Files\Lockheed Martin\Prepar3D v4\
sceneryCFGpath= C:\ProgramData\Lockheed Martin\Prepar3D v4\
LWCFGpath= C:\Users\CSI\AppData\Roaming\Lockheed Martin\Prepar3D v4\
RSCommonInstallLocation= D:\Documents\Prepar3D v4 Add-ons\Richer Simulations\RS Common\
SKNInstallLocation= D:\Documents\Prepar3D v4 Add-ons\Richer Simulations\RS St Kitts 2017\
T2GTKPKPath= 
BGIInstallLocation= D:\Documents\Prepar3D v4 Add-ons\Richer Simulations\RS Barbados 2017\
MKTBPBPath= 
ANUInstallLocation= D:\Documents\Prepar3D v4 Add-ons\Richer Simulations\RS Antigua 2018\
TSTAPAPath= 
SVDInstallLocation= D:\Documents\Prepar3D v4 Add-ons\Richer Simulations\RS St Vincent 2019\
TSTVSVPath= 
TBPBInstallLocation= D:\Documents\Prepar3D v4 Add-ons\Richer Simulations\RS TBPB 2020\

[SODE]
C:\ProgramData\12bPilot\SODE\xml\RS_TVSA_stands.xml
C:\ProgramData\12bPilot\SODE\SimObjects\SODE_RS_TVSA\texture\texture.cfg
C:\ProgramData\12bPilot\SODE\xml\RS_TBPB.xml
C:\ProgramData\12bPilot\SODE\SimObjects\SODE_RS_TBPB\texture\texture.cfg


2.0.1.8 4/20/2020 5:36:09 PM: 
[RSSCT]
version= 2.0.1.8
sim= p3dv4
Simpath= E:\Program Files\Lockheed Martin\Prepar3D v4\
sceneryCFGpath= C:\ProgramData\Lockheed Martin\Prepar3D v4\
LWCFGpath= C:\Users\CSI\AppData\Roaming\Lockheed Martin\Prepar3D v4\
RSCommonInstallLocation= D:\Documents\Prepar3D v4 Add-ons\Richer Simulations\RS Common\
SKNInstallLocation= D:\Documents\Prepar3D v4 Add-ons\Richer Simulations\RS St Kitts 2017\
T2GTKPKPath= 
BGIInstallLocation= D:\Documents\Prepar3D v4 Add-ons\Richer Simulations\RS Barbados 2017\
MKTBPBPath= 
ANUInstallLocation= D:\Documents\Prepar3D v4 Add-ons\Richer Simulations\RS Antigua 2018\
TSTAPAPath= 
SVDInstallLocation= D:\Documents\Prepar3D v4 Add-ons\Richer Simulations\RS St Vincent 2019\
TSTVSVPath= 
TBPBInstallLocation= D:\Documents\Prepar3D v4 Add-ons\Richer Simulations\RS TBPB 2020\

[SODE]
C:\ProgramData\12bPilot\SODE\xml\RS_TVSA_stands.xml
C:\ProgramData\12bPilot\SODE\SimObjects\SODE_RS_TVSA\texture\texture.cfg
C:\ProgramData\12bPilot\SODE\xml\RS_TBPB.xml
C:\ProgramData\12bPilot\SODE\SimObjects\SODE_RS_TBPB\texture\texture.cfg


2.0.1.8 4/20/2020 7:22:01 PM: 
[RSSCT]
version= 2.0.1.8
sim= p3dv4
Simpath= E:\Program Files\Lockheed Martin\Prepar3D v4\
sceneryCFGpath= C:\ProgramData\Lockheed Martin\Prepar3D v4\
LWCFGpath= C:\Users\CSI\AppData\Roaming\Lockheed Martin\Prepar3D v4\
RSCommonInstallLocation= D:\Documents\Prepar3D v4 Add-ons\Richer Simulations\RS Common\
SKNInstallLocation= D:\Documents\Prepar3D v4 Add-ons\Richer Simulations\RS St Kitts 2017\
T2GTKPKPath= 
BGIInstallLocation= D:\Documents\Prepar3D v4 Add-ons\Richer Simulations\RS Barbados 2017\
MKTBPBPath= 
ANUInstallLocation= D:\Documents\Prepar3D v4 Add-ons\Richer Simulations\RS Antigua 2018\
TSTAPAPath= 
SVDInstallLocation= D:\Documents\Prepar3D v4 Add-ons\Richer Simulations\RS St Vincent 2019\
TSTVSVPath= 
TBPBInstallLocation= D:\Documents\Prepar3D v4 Add-ons\Richer Simulations\RS TBPB 2020\

[SODE]
C:\ProgramData\12bPilot\SODE\xml\RS_TVSA_stands.xml
C:\ProgramData\12bPilot\SODE\SimObjects\SODE_RS_TVSA\texture\texture.cfg
C:\ProgramData\12bPilot\SODE\xml\RS_TBPB.xml
C:\ProgramData\12bPilot\SODE\SimObjects\SODE_RS_TBPB\texture\texture.cfg


2.0.1.8 4/20/2020 7:38:23 PM: 
[RSSCT]
version= 2.0.1.8
sim= p3dv4
Simpath= E:\Program Files\Lockheed Martin\Prepar3D v4\
sceneryCFGpath= C:\ProgramData\Lockheed Martin\Prepar3D v4\
LWCFGpath= C:\Users\CSI\AppData\Roaming\Lockheed Martin\Prepar3D v4\
RSCommonInstallLocation= D:\Documents\Prepar3D v4 Add-ons\Richer Simulations\RS Common\
SKNInstallLocation= D:\Documents\Prepar3D v4 Add-ons\Richer Simulations\RS St Kitts 2017\
T2GTKPKPath= 
BGIInstallLocation= D:\Documents\Prepar3D v4 Add-ons\Richer Simulations\RS Barbados 2017\
MKTBPBPath= 
ANUInstallLocation= D:\Documents\Prepar3D v4 Add-ons\Richer Simulations\RS Antigua 2018\
TSTAPAPath= 
SVDInstallLocation= D:\Documents\Prepar3D v4 Add-ons\Richer Simulations\RS St Vincent 2019\
TSTVSVPath= 
TBPBInstallLocation= D:\Documents\Prepar3D v4 Add-ons\Richer Simulations\RS TBPB 2020\

[SODE]
C:\ProgramData\12bPilot\SODE\xml\RS_TVSA_stands.xml
C:\ProgramData\12bPilot\SODE\SimObjects\SODE_RS_TVSA\texture\texture.cfg
C:\ProgramData\12bPilot\SODE\xml\RS_TBPB.xml
C:\ProgramData\12bPilot\SODE\SimObjects\SODE_RS_TBPB\texture\texture.cfg


2.0.1.8 4/20/2020 7:59:06 PM: 
[RSSCT]
version= 2.0.1.8
sim= fsx
Simpath= d:\Program Files (x86)\Microsoft Games\Microsoft Flight Simulator X\
sceneryCFGpath= C:\ProgramData\Microsoft\FSX\
LWCFGpath= C:\Users\CSI\AppData\Roaming\Microsoft\FSX\
RSCommonInstallLocation= D:\Documents\Prepar3D v4 Add-ons\Richer Simulations\RS Common\
SKNInstallLocation= 
T2GTKPKPath= 
BGIInstallLocation= 
MKTBPBPath= 
ANUInstallLocation= d:\Program Files (x86)\Microsoft Games\Microsoft Flight Simulator X\Addon Scenery\RS Antigua 2018\
TSTAPAPath= 
SVDInstallLocation= d:\Program Files (x86)\Microsoft Games\Microsoft Flight Simulator X\Addon Scenery\RS St Vincent 2019\
TSTVSVPath= 
TBPBInstallLocation= D:\Documents\Prepar3D v4 Add-ons\Richer Simulations\RS TBPB 2020\

[SODE]
C:\ProgramData\12bPilot\SODE\xml\RS_TVSA_stands.xml
C:\ProgramData\12bPilot\SODE\SimObjects\SODE_RS_TVSA\texture\texture.cfg
C:\ProgramData\12bPilot\SODE\xml\RS_TBPB.xml
C:\ProgramData\12bPilot\SODE\SimObjects\SODE_RS_TBPB\texture\texture.cfg


2.0.1.8 4/20/2020 8:07:29 PM: 
[RSSCT]
version= 2.0.1.8
sim= p3dv4
Simpath= E:\Program Files\Lockheed Martin\Prepar3D v4\
sceneryCFGpath= C:\ProgramData\Lockheed Martin\Prepar3D v4\
LWCFGpath= C:\Users\CSI\AppData\Roaming\Lockheed Martin\Prepar3D v4\
RSCommonInstallLocation= 
SKNInstallLocation= 
T2GTKPKPath= 
BGIInstallLocation= 
MKTBPBPath= 
ANUInstallLocation= 
TSTAPAPath= 
SVDInstallLocation= 
TSTVSVPath= 
TBPBInstallLocation= 

[SODE]
C:\ProgramData\12bPilot\SODE\xml\RS_TVSA_stands.xml
C:\ProgramData\12bPilot\SODE\SimObjects\SODE_RS_TVSA\texture\texture.cfg
C:\ProgramData\12bPilot\SODE\xml\RS_TBPB.xml
C:\ProgramData\12bPilot\SODE\SimObjects\SODE_RS_TBPB\texture\texture.cfg


2.0.1.8 4/20/2020 8:13:37 PM: 
[RSSCT]
version= 2.0.1.8
sim= p3dv4
Simpath= E:\Program Files\Lockheed Martin\Prepar3D v4\
sceneryCFGpath= C:\ProgramData\Lockheed Martin\Prepar3D v4\
LWCFGpath= C:\Users\CSI\AppData\Roaming\Lockheed Martin\Prepar3D v4\
RSCommonInstallLocation= D:\Documents\Prepar3D v4 Add-ons\Richer Simulations\RS Common\
SKNInstallLocation= D:\Documents\Prepar3D v4 Add-ons\Richer Simulations\RS St Kitts 2017\
T2GTKPKPath= 
BGIInstallLocation= D:\Documents\Prepar3D v4 Add-ons\Richer Simulations\RS Barbados 2017\
MKTBPBPath= 
ANUInstallLocation= D:\Documents\Prepar3D v4 Add-ons\Richer Simulations\RS Antigua 2018\
TSTAPAPath= 
SVDInstallLocation= D:\Documents\Prepar3D v4 Add-ons\Richer Simulations\RS St Vincent 2019\
TSTVSVPath= 
TBPBInstallLocation= D:\Documents\Prepar3D v4 Add-ons\Richer Simulations\RS TBPB 2020\

[SODE]
C:\ProgramData\12bPilot\SODE\xml\RS_TVSA_stands.xml
C:\ProgramData\12bPilot\SODE\SimObjects\SODE_RS_TVSA\texture\texture.cfg
C:\ProgramData\12bPilot\SODE\xml\RS_TBPB.xml
C:\ProgramData\12bPilot\SODE\SimObjects\SODE_RS_TBPB\texture\texture.cfg


2.0.1.8 4/20/2020 9:18:10 PM: 
[RSSCT]
version= 2.0.1.8
sim= p3dv4
Simpath= E:\Program Files\Lockheed Martin\Prepar3D v4\
sceneryCFGpath= C:\ProgramData\Lockheed Martin\Prepar3D v4\
LWCFGpath= C:\Users\CSI\AppData\Roaming\Lockheed Martin\Prepar3D v4\
RSCommonInstallLocation= F:\Documents\Prepar3D v4 Add-ons\Richer Simulations\RS Common\
SKNInstallLocation= D:\Documents\Prepar3D v4 Add-ons\Richer Simulations\RS St Kitts 2017\
T2GTKPKPath= 
BGIInstallLocation= D:\Documents\Prepar3D v4 Add-ons\Richer Simulations\RS Barbados 2017\
MKTBPBPath= 
ANUInstallLocation= D:\Documents\Prepar3D v4 Add-ons\Richer Simulations\RS Antigua 2018\
TSTAPAPath= 
SVDInstallLocation= D:\Documents\Prepar3D v4 Add-ons\Richer Simulations\RS St Vincent 2019\
TSTVSVPath= 
TBPBInstallLocation= D:\Documents\Prepar3D v4 Add-ons\Richer Simulations\RS TBPB 2020\

[SODE]
C:\ProgramData\12bPilot\SODE\xml\RS_TVSA_stands.xml
C:\ProgramData\12bPilot\SODE\SimObjects\SODE_RS_TVSA\texture\texture.cfg
C:\ProgramData\12bPilot\SODE\xml\RS_TBPB.xml
C:\ProgramData\12bPilot\SODE\SimObjects\SODE_RS_TBPB\texture\texture.cfg


2.0.1.8 4/20/2020 10:18:39 PM: 
[RSSCT]
version= 2.0.1.8
sim= p3dv4
Simpath= E:\Program Files\Lockheed Martin\Prepar3D v4\
sceneryCFGpath= C:\ProgramData\Lockheed Martin\Prepar3D v4\
LWCFGpath= C:\Users\CSI\AppData\Roaming\Lockheed Martin\Prepar3D v4\
RSCommonInstallLocation= D:\Documents\Prepar3D v4 Add-ons\Richer Simulations\RS Common\
SKNInstallLocation= D:\Documents\Prepar3D v4 Add-ons\Richer Simulations\RS St Kitts 2017\
T2GTKPKPath= 
BGIInstallLocation= D:\Documents\Prepar3D v4 Add-ons\Richer Simulations\RS Barbados 2017\
MKTBPBPath= 
ANUInstallLocation= D:\Documents\Prepar3D v4 Add-ons\Richer Simulations\RS Antigua 2018\
TSTAPAPath= 
SVDInstallLocation= D:\Documents\Prepar3D v4 Add-ons\Richer Simulations\RS St Vincent 2019\
TSTVSVPath= 
TBPBInstallLocation= D:\Documents\Prepar3D v4 Add-ons\Richer Simulations\RS TBPB 2020\

[SODE]
C:\ProgramData\12bPilot\SODE\xml\RS_TVSA_stands.xml
C:\ProgramData\12bPilot\SODE\SimObjects\SODE_RS_TVSA\texture\texture.cfg
C:\ProgramData\12bPilot\SODE\xml\RS_TBPB.xml
C:\ProgramData\12bPilot\SODE\SimObjects\SODE_RS_TBPB\texture\texture.cfg


2.0.1.8 4/20/2020 10:19:13 PM: 
[RSSCT]
version= 2.0.1.8
sim= p3dv4
Simpath= E:\Program Files\Lockheed Martin\Prepar3D v4\
sceneryCFGpath= C:\ProgramData\Lockheed Martin\Prepar3D v4\
LWCFGpath= C:\Users\CSI\AppData\Roaming\Lockheed Martin\Prepar3D v4\
RSCommonInstallLocation= D:\Documents\Prepar3D v4 Add-ons\Richer Simulations\RS Common\
SKNInstallLocation= D:\Documents\Prepar3D v4 Add-ons\Richer Simulations\RS St Kitts 2017\
T2GTKPKPath= 
BGIInstallLocation= D:\Documents\Prepar3D v4 Add-ons\Richer Simulations\RS Barbados 2017\
MKTBPBPath= 
ANUInstallLocation= D:\Documents\Prepar3D v4 Add-ons\Richer Simulations\RS Antigua 2018\
TSTAPAPath= 
SVDInstallLocation= D:\Documents\Prepar3D v4 Add-ons\Richer Simulations\RS St Vincent 2019\
TSTVSVPath= 
TBPBInstallLocation= D:\Documents\Prepar3D v4 Add-ons\Richer Simulations\RS TBPB 2020\

[SODE]
C:\ProgramData\12bPilot\SODE\xml\RS_TVSA_stands.xml
C:\ProgramData\12bPilot\SODE\SimObjects\SODE_RS_TVSA\texture\texture.cfg
C:\ProgramData\12bPilot\SODE\xml\RS_TBPB.xml
C:\ProgramData\12bPilot\SODE\SimObjects\SODE_RS_TBPB\texture\texture.cfg


2.0.1.8 4/20/2020 10:26:44 PM: 
[RSSCT]
version= 2.0.1.8
sim= p3dv4
Simpath= E:\Program Files\Lockheed Martin\Prepar3D v4\
sceneryCFGpath= C:\ProgramData\Lockheed Martin\Prepar3D v4\
LWCFGpath= C:\Users\CSI\AppData\Roaming\Lockheed Martin\Prepar3D v4\
RSCommonInstallLocation= D:\Documents\Prepar3D v4 Add-ons\Richer Simulations\RS Common\
SKNInstallLocation= D:\Documents\Prepar3D v4 Add-ons\Richer Simulations\RS St Kitts 2017\
T2GTKPKPath= 
BGIInstallLocation= D:\Documents\Prepar3D v4 Add-ons\Richer Simulations\RS Barbados 2017\
MKTBPBPath= 
ANUInstallLocation= D:\Documents\Prepar3D v4 Add-ons\Richer Simulations\RS Antigua 2018\
TSTAPAPath= 
SVDInstallLocation= D:\Documents\Prepar3D v4 Add-ons\Richer Simulations\RS St Vincent 2019\
TSTVSVPath= 
TBPBInstallLocation= D:\Documents\Prepar3D v4 Add-ons\Richer Simulations\RS TBPB 2020\

[SODE]
C:\ProgramData\12bPilot\SODE\xml\RS_TVSA_stands.xml
C:\ProgramData\12bPilot\SODE\SimObjects\SODE_RS_TVSA\texture\texture.cfg
C:\ProgramData\12bPilot\SODE\xml\RS_TBPB.xml
C:\ProgramData\12bPilot\SODE\SimObjects\SODE_RS_TBPB\texture\texture.cfg


2.0.1.8 4/20/2020 10:28:04 PM: 
[RSSCT]
version= 2.0.1.8
sim= p3dv4
Simpath= E:\Program Files\Lockheed Martin\Prepar3D v4\
sceneryCFGpath= C:\ProgramData\Lockheed Martin\Prepar3D v4\
LWCFGpath= C:\Users\CSI\AppData\Roaming\Lockheed Martin\Prepar3D v4\
RSCommonInstallLocation= D:\Documents\Prepar3D v4 Add-ons\Richer Simulations\RS Common\
SKNInstallLocation= D:\Documents\Prepar3D v4 Add-ons\Richer Simulations\RS St Kitts 2017\
T2GTKPKPath= 
BGIInstallLocation= D:\Documents\Prepar3D v4 Add-ons\Richer Simulations\RS Barbados 2017\
MKTBPBPath= 
ANUInstallLocation= D:\Documents\Prepar3D v4 Add-ons\Richer Simulations\RS Antigua 2018\
TSTAPAPath= 
SVDInstallLocation= D:\Documents\Prepar3D v4 Add-ons\Richer Simulations\RS St Vincent 2019\
TSTVSVPath= 
TBPBInstallLocation= D:\Documents\Prepar3D v4 Add-ons\Richer Simulations\RS TBPB 2020\

[SODE]
C:\ProgramData\12bPilot\SODE\xml\RS_TVSA_stands.xml
C:\ProgramData\12bPilot\SODE\SimObjects\SODE_RS_TVSA\texture\texture.cfg
C:\ProgramData\12bPilot\SODE\xml\RS_TBPB.xml
C:\ProgramData\12bPilot\SODE\SimObjects\SODE_RS_TBPB\texture\texture.cfg


2.0.1.8 4/20/2020 10:28:35 PM: 
[RSSCT]
version= 2.0.1.8
sim= p3dv4
Simpath= E:\Program Files\Lockheed Martin\Prepar3D v4\
sceneryCFGpath= C:\ProgramData\Lockheed Martin\Prepar3D v4\
LWCFGpath= C:\Users\CSI\AppData\Roaming\Lockheed Martin\Prepar3D v4\
RSCommonInstallLocation= D:\Documents\Prepar3D v4 Add-ons\Richer Simulations\RS Common\
SKNInstallLocation= D:\Documents\Prepar3D v4 Add-ons\Richer Simulations\RS St Kitts 2017\
T2GTKPKPath= 
BGIInstallLocation= D:\Documents\Prepar3D v4 Add-ons\Richer Simulations\RS Barbados 2017\
MKTBPBPath= 
ANUInstallLocation= D:\Documents\Prepar3D v4 Add-ons\Richer Simulations\RS Antigua 2018\
TSTAPAPath= 
SVDInstallLocation= D:\Documents\Prepar3D v4 Add-ons\Richer Simulations\RS St Vincent 2019\
TSTVSVPath= 
TBPBInstallLocation= D:\Documents\Prepar3D v4 Add-ons\Richer Simulations\RS TBPB 2020\

[SODE]
C:\ProgramData\12bPilot\SODE\xml\RS_TVSA_stands.xml
C:\ProgramData\12bPilot\SODE\SimObjects\SODE_RS_TVSA\texture\texture.cfg
C:\ProgramData\12bPilot\SODE\xml\RS_TBPB.xml
C:\ProgramData\12bPilot\SODE\SimObjects\SODE_RS_TBPB\texture\texture.cfg


2.0.1.8 4/20/2020 10:29:56 PM: 
[RSSCT]
version= 2.0.1.8
sim= p3dv4
Simpath= E:\Program Files\Lockheed Martin\Prepar3D v4\
sceneryCFGpath= C:\ProgramData\Lockheed Martin\Prepar3D v4\
LWCFGpath= C:\Users\CSI\AppData\Roaming\Lockheed Martin\Prepar3D v4\
RSCommonInstallLocation= D:\Documents\Prepar3D v4 Add-ons\Richer Simulations\RS Common\
SKNInstallLocation= D:\Documents\Prepar3D v4 Add-ons\Richer Simulations\RS St Kitts 2017\
T2GTKPKPath= 
BGIInstallLocation= D:\Documents\Prepar3D v4 Add-ons\Richer Simulations\RS Barbados 2017\
MKTBPBPath= 
ANUInstallLocation= D:\Documents\Prepar3D v4 Add-ons\Richer Simulations\RS Antigua 2018\
TSTAPAPath= 
SVDInstallLocation= D:\Documents\Prepar3D v4 Add-ons\Richer Simulations\RS St Vincent 2019\
TSTVSVPath= 
TBPBInstallLocation= D:\Documents\Prepar3D v4 Add-ons\Richer Simulations\RS TBPB 2020\

[SODE]
C:\ProgramData\12bPilot\SODE\xml\RS_TVSA_stands.xml
C:\ProgramData\12bPilot\SODE\SimObjects\SODE_RS_TVSA\texture\texture.cfg
C:\ProgramData\12bPilot\SODE\xml\RS_TBPB.xml
C:\ProgramData\12bPilot\SODE\SimObjects\SODE_RS_TBPB\texture\texture.cfg


2.0.1.8 4/20/2020 10:30:41 PM: 
[RSSCT]
version= 2.0.1.8
sim= p3dv4
Simpath= E:\Program Files\Lockheed Martin\Prepar3D v4\
sceneryCFGpath= C:\ProgramData\Lockheed Martin\Prepar3D v4\
LWCFGpath= C:\Users\CSI\AppData\Roaming\Lockheed Martin\Prepar3D v4\
RSCommonInstallLocation= D:\Documents\Prepar3D v4 Add-ons\Richer Simulations\RS Common\
SKNInstallLocation= D:\Documents\Prepar3D v4 Add-ons\Richer Simulations\RS St Kitts 2017\
T2GTKPKPath= 
BGIInstallLocation= D:\Documents\Prepar3D v4 Add-ons\Richer Simulations\RS Barbados 2017\
MKTBPBPath= 
ANUInstallLocation= D:\Documents\Prepar3D v4 Add-ons\Richer Simulations\RS Antigua 2018\
TSTAPAPath= 
SVDInstallLocation= D:\Documents\Prepar3D v4 Add-ons\Richer Simulations\RS St Vincent 2019\
TSTVSVPath= 
TBPBInstallLocation= D:\Documents\Prepar3D v4 Add-ons\Richer Simulations\RS TBPB 2020\

[SODE]
C:\ProgramData\12bPilot\SODE\xml\RS_TVSA_stands.xml
C:\ProgramData\12bPilot\SODE\SimObjects\SODE_RS_TVSA\texture\texture.cfg
C:\ProgramData\12bPilot\SODE\xml\RS_TBPB.xml
C:\ProgramData\12bPilot\SODE\SimObjects\SODE_RS_TBPB\texture\texture.cfg


2.0.1.8 4/20/2020 10:30:46 PM: TBPB2020_Patch1200.exe not run.
2.0.1.8 4/20/2020 11:01:17 PM: 
[RSSCT]
version= 2.0.1.8
sim= p3dv4
Simpath= E:\Program Files\Lockheed Martin\Prepar3D v4\
sceneryCFGpath= C:\ProgramData\Lockheed Martin\Prepar3D v4\
LWCFGpath= C:\Users\CSI\AppData\Roaming\Lockheed Martin\Prepar3D v4\
RSCommonInstallLocation= D:\Documents\Prepar3D v4 Add-ons\Richer Simulations\RS Common\
SKNInstallLocation= D:\Documents\Prepar3D v4 Add-ons\Richer Simulations\RS St Kitts 2017\
T2GTKPKPath= 
BGIInstallLocation= D:\Documents\Prepar3D v4 Add-ons\Richer Simulations\RS Barbados 2017\
MKTBPBPath= 
ANUInstallLocation= D:\Documents\Prepar3D v4 Add-ons\Richer Simulations\RS Antigua 2018\
TSTAPAPath= 
SVDInstallLocation= D:\Documents\Prepar3D v4 Add-ons\Richer Simulations\RS St Vincent 2019\
TSTVSVPath= 
TBPBInstallLocation= D:\Documents\Prepar3D v4 Add-ons\Richer Simulations\RS TBPB 2020\

[SODE]
C:\ProgramData\12bPilot\SODE\xml\RS_TVSA_stands.xml
C:\ProgramData\12bPilot\SODE\SimObjects\SODE_RS_TVSA\texture\texture.cfg
C:\ProgramData\12bPilot\SODE\xml\RS_TBPB.xml
C:\ProgramData\12bPilot\SODE\SimObjects\SODE_RS_TBPB\texture\texture.cfg


